2022-04-14 10:25:49.468  INFO 17352 --- [main] poc.SQSController                        : Starting SQSController using Java 11.0.13 on EPUAKYIW0D81 with PID 17352 (C:\Users\Roman_Cherevatenko\Pong-final - Copy\pong\target\classes started by Roman_Cherevatenko in C:\Users\Roman_Cherevatenko\Pong-final - Copy)
2022-04-14 10:25:49.475  INFO 17352 --- [main] poc.SQSController                        : No active profile set, falling back to 1 default profile: "default"
2022-04-14 10:25:51.145  INFO 17352 --- [main] o.s.b.w.embedded.tomcat.TomcatWebServer  : Tomcat initialized with port(s): 8081 (http)
2022-04-14 10:25:51.153  INFO 17352 --- [main] o.apache.catalina.core.StandardService   : Starting service [Tomcat]
2022-04-14 10:25:51.153  INFO 17352 --- [main] org.apache.catalina.core.StandardEngine  : Starting Servlet engine: [Apache Tomcat/9.0.60]
2022-04-14 10:25:51.245  INFO 17352 --- [main] o.a.c.c.C.[Tomcat].[localhost].[/]       : Initializing Spring embedded WebApplicationContext
2022-04-14 10:25:51.245  INFO 17352 --- [main] w.s.c.ServletWebServerApplicationContext : Root WebApplicationContext: initialization completed in 1741 ms
2022-04-14 10:25:52.686  INFO 17352 --- [main] o.s.b.w.embedded.tomcat.TomcatWebServer  : Tomcat started on port(s): 8081 (http) with context path ''
2022-04-14 10:25:52.698  INFO 17352 --- [main] poc.SQSController                        : Started SQSController in 3.673 seconds (JVM running for 4.27)
2022-04-14 10:25:52.871  INFO 17352 --- [simpleMessageListenerContainer-2] poc.SQSController                        : message from SQS Queue Hello from Ping...!
2022-04-14 10:25:53.043  INFO 17352 --- [simpleMessageListenerContainer-2] poc.SQSController                        : message from SQS Queue Hello from Ping...!
2022-04-14 10:25:53.043  INFO 17352 --- [simpleMessageListenerContainer-3] poc.SQSController                        : message from SQS Queue Hello from Ping...!
2022-04-14 10:25:53.278  INFO 17352 --- [simpleMessageListenerContainer-3] poc.SQSController                        : message from SQS Queue Hello from Ping...!
2022-04-14 10:25:53.440  INFO 17352 --- [simpleMessageListenerContainer-3] poc.SQSController                        : message from SQS Queue Hello from Ping...!
2022-04-14 10:25:53.623  INFO 17352 --- [simpleMessageListenerContainer-3] poc.SQSController                        : message from SQS Queue Hello from Ping...!
2022-04-14 10:25:53.822  INFO 17352 --- [simpleMessageListenerContainer-3] poc.SQSController                        : message from SQS Queue Hello from Ping...!
2022-04-14 10:25:53.822  INFO 17352 --- [simpleMessageListenerContainer-2] poc.SQSController                        : message from SQS Queue Hello from Ping...!
2022-04-14 10:26:28.454  WARN 17352 --- [SpringApplicationShutdownHook] s.c.a.m.l.SimpleMessageListenerContainer : An exception occurred while stopping queue 'https://sqs.us-east-1.amazonaws.com/453888930431/Roman-Queue'

java.util.concurrent.TimeoutException: null
	at java.base/java.util.concurrent.FutureTask.get(FutureTask.java:204) ~[na:na]
	at org.springframework.cloud.aws.messaging.listener.SimpleMessageListenerContainer.waitForRunningQueuesToStop(SimpleMessageListenerContainer.java:161) ~[spring-cloud-aws-messaging-2.2.2.RELEASE.jar:2.2.2.RELEASE]
	at org.springframework.cloud.aws.messaging.listener.SimpleMessageListenerContainer.doStop(SimpleMessageListenerContainer.java:140) ~[spring-cloud-aws-messaging-2.2.2.RELEASE.jar:2.2.2.RELEASE]
	at org.springframework.cloud.aws.messaging.listener.AbstractMessageListenerContainer.stop(AbstractMessageListenerContainer.java:352) ~[spring-cloud-aws-messaging-2.2.2.RELEASE.jar:2.2.2.RELEASE]
	at org.springframework.cloud.aws.messaging.listener.SimpleMessageListenerContainer.stop(SimpleMessageListenerContainer.java:45) ~[spring-cloud-aws-messaging-2.2.2.RELEASE.jar:2.2.2.RELEASE]
	at org.springframework.cloud.aws.messaging.listener.AbstractMessageListenerContainer.stop(AbstractMessageListenerContainer.java:240) ~[spring-cloud-aws-messaging-2.2.2.RELEASE.jar:2.2.2.RELEASE]
	at org.springframework.cloud.aws.messaging.listener.SimpleMessageListenerContainer.stop(SimpleMessageListenerContainer.java:45) ~[spring-cloud-aws-messaging-2.2.2.RELEASE.jar:2.2.2.RELEASE]
	at org.springframework.context.support.DefaultLifecycleProcessor.doStop(DefaultLifecycleProcessor.java:234) ~[spring-context-5.3.17.jar:5.3.17]
	at org.springframework.context.support.DefaultLifecycleProcessor.access$300(DefaultLifecycleProcessor.java:54) ~[spring-context-5.3.17.jar:5.3.17]
	at org.springframework.context.support.DefaultLifecycleProcessor$LifecycleGroup.stop(DefaultLifecycleProcessor.java:373) ~[spring-context-5.3.17.jar:5.3.17]
	at org.springframework.context.support.DefaultLifecycleProcessor.stopBeans(DefaultLifecycleProcessor.java:206) ~[spring-context-5.3.17.jar:5.3.17]
	at org.springframework.context.support.DefaultLifecycleProcessor.onClose(DefaultLifecycleProcessor.java:129) ~[spring-context-5.3.17.jar:5.3.17]
	at org.springframework.context.support.AbstractApplicationContext.doClose(AbstractApplicationContext.java:1067) ~[spring-context-5.3.17.jar:5.3.17]
	at org.springframework.boot.web.servlet.context.ServletWebServerApplicationContext.doClose(ServletWebServerApplicationContext.java:172) ~[spring-boot-2.6.5.jar:2.6.5]
	at org.springframework.context.support.AbstractApplicationContext.close(AbstractApplicationContext.java:1021) ~[spring-context-5.3.17.jar:5.3.17]
	at org.springframework.boot.SpringApplicationShutdownHook.closeAndWait(SpringApplicationShutdownHook.java:145) ~[spring-boot-2.6.5.jar:2.6.5]
	at java.base/java.lang.Iterable.forEach(Iterable.java:75) ~[na:na]
	at org.springframework.boot.SpringApplicationShutdownHook.run(SpringApplicationShutdownHook.java:114) ~[spring-boot-2.6.5.jar:2.6.5]
	at java.base/java.lang.Thread.run(Thread.java:834) ~[na:na]

2022-04-14 10:26:38.236  INFO 22648 --- [main] poc.SQSController                        : Starting SQSController using Java 11.0.13 on EPUAKYIW0D81 with PID 22648 (C:\Users\Roman_Cherevatenko\Pong-final - Copy\pong\target\classes started by Roman_Cherevatenko in C:\Users\Roman_Cherevatenko\Pong-final - Copy)
2022-04-14 10:26:38.238  INFO 22648 --- [main] poc.SQSController                        : No active profile set, falling back to 1 default profile: "default"
2022-04-14 10:26:39.835  INFO 22648 --- [main] o.s.b.w.embedded.tomcat.TomcatWebServer  : Tomcat initialized with port(s): 8081 (http)
2022-04-14 10:26:39.842  INFO 22648 --- [main] o.apache.catalina.core.StandardService   : Starting service [Tomcat]
2022-04-14 10:26:39.842  INFO 22648 --- [main] org.apache.catalina.core.StandardEngine  : Starting Servlet engine: [Apache Tomcat/9.0.60]
2022-04-14 10:26:39.911  INFO 22648 --- [main] o.a.c.c.C.[Tomcat].[localhost].[/]       : Initializing Spring embedded WebApplicationContext
2022-04-14 10:26:39.912  INFO 22648 --- [main] w.s.c.ServletWebServerApplicationContext : Root WebApplicationContext: initialization completed in 1647 ms
2022-04-14 10:26:40.493  WARN 22648 --- [main] ConfigServletWebServerApplicationContext : Exception encountered during context initialization - cancelling refresh attempt: org.springframework.beans.factory.BeanCreationException: Error creating bean with name 'simpleMessageListenerContainer' defined in class path resource [org/springframework/cloud/aws/messaging/config/annotation/SqsConfiguration.class]: Invocation of init method failed; nested exception is com.amazonaws.SdkClientException: Unable to load AWS credentials from any provider in the chain: [com.amazonaws.auth.EC2ContainerCredentialsProviderWrapper@9d3d54e: Unable to load credentials from service endpoint, com.amazonaws.auth.profile.ProfileCredentialsProvider@2f04993d: profile file cannot be null]
2022-04-14 10:26:40.497  INFO 22648 --- [main] o.apache.catalina.core.StandardService   : Stopping service [Tomcat]
2022-04-14 10:26:40.506  INFO 22648 --- [main] ConditionEvaluationReportLoggingListener : 

Error starting ApplicationContext. To display the conditions report re-run your application with 'debug' enabled.
2022-04-14 10:26:40.521 ERROR 22648 --- [main] o.s.boot.SpringApplication               : Application run failed

org.springframework.beans.factory.BeanCreationException: Error creating bean with name 'simpleMessageListenerContainer' defined in class path resource [org/springframework/cloud/aws/messaging/config/annotation/SqsConfiguration.class]: Invocation of init method failed; nested exception is com.amazonaws.SdkClientException: Unable to load AWS credentials from any provider in the chain: [com.amazonaws.auth.EC2ContainerCredentialsProviderWrapper@9d3d54e: Unable to load credentials from service endpoint, com.amazonaws.auth.profile.ProfileCredentialsProvider@2f04993d: profile file cannot be null]
	at org.springframework.beans.factory.support.AbstractAutowireCapableBeanFactory.initializeBean(AbstractAutowireCapableBeanFactory.java:1804) ~[spring-beans-5.3.17.jar:5.3.17]
	at org.springframework.beans.factory.support.AbstractAutowireCapableBeanFactory.doCreateBean(AbstractAutowireCapableBeanFactory.java:620) ~[spring-beans-5.3.17.jar:5.3.17]
	at org.springframework.beans.factory.support.AbstractAutowireCapableBeanFactory.createBean(AbstractAutowireCapableBeanFactory.java:542) ~[spring-beans-5.3.17.jar:5.3.17]
	at org.springframework.beans.factory.support.AbstractBeanFactory.lambda$doGetBean$0(AbstractBeanFactory.java:335) ~[spring-beans-5.3.17.jar:5.3.17]
	at org.springframework.beans.factory.support.DefaultSingletonBeanRegistry.getSingleton(DefaultSingletonBeanRegistry.java:234) ~[spring-beans-5.3.17.jar:5.3.17]
	at org.springframework.beans.factory.support.AbstractBeanFactory.doGetBean(AbstractBeanFactory.java:333) ~[spring-beans-5.3.17.jar:5.3.17]
	at org.springframework.beans.factory.support.AbstractBeanFactory.getBean(AbstractBeanFactory.java:208) ~[spring-beans-5.3.17.jar:5.3.17]
	at org.springframework.beans.factory.support.DefaultListableBeanFactory.preInstantiateSingletons(DefaultListableBeanFactory.java:953) ~[spring-beans-5.3.17.jar:5.3.17]
	at org.springframework.context.support.AbstractApplicationContext.finishBeanFactoryInitialization(AbstractApplicationContext.java:918) ~[spring-context-5.3.17.jar:5.3.17]
	at org.springframework.context.support.AbstractApplicationContext.refresh(AbstractApplicationContext.java:583) ~[spring-context-5.3.17.jar:5.3.17]
	at org.springframework.boot.web.servlet.context.ServletWebServerApplicationContext.refresh(ServletWebServerApplicationContext.java:145) ~[spring-boot-2.6.5.jar:2.6.5]
	at org.springframework.boot.SpringApplication.refresh(SpringApplication.java:740) ~[spring-boot-2.6.5.jar:2.6.5]
	at org.springframework.boot.SpringApplication.refreshContext(SpringApplication.java:415) ~[spring-boot-2.6.5.jar:2.6.5]
	at org.springframework.boot.SpringApplication.run(SpringApplication.java:303) ~[spring-boot-2.6.5.jar:2.6.5]
	at org.springframework.boot.SpringApplication.run(SpringApplication.java:1312) ~[spring-boot-2.6.5.jar:2.6.5]
	at org.springframework.boot.SpringApplication.run(SpringApplication.java:1301) ~[spring-boot-2.6.5.jar:2.6.5]
	at poc.SQSController.main(SQSController.java:14) ~[classes/:na]
Caused by: com.amazonaws.SdkClientException: Unable to load AWS credentials from any provider in the chain: [com.amazonaws.auth.EC2ContainerCredentialsProviderWrapper@9d3d54e: Unable to load credentials from service endpoint, com.amazonaws.auth.profile.ProfileCredentialsProvider@2f04993d: profile file cannot be null]
	at com.amazonaws.auth.AWSCredentialsProviderChain.getCredentials(AWSCredentialsProviderChain.java:136) ~[aws-java-sdk-core-1.11.415.jar:na]
	at com.amazonaws.http.AmazonHttpClient$RequestExecutor.getCredentialsFromContext(AmazonHttpClient.java:1186) ~[aws-java-sdk-core-1.11.415.jar:na]
	at com.amazonaws.http.AmazonHttpClient$RequestExecutor.runBeforeRequestHandlers(AmazonHttpClient.java:776) ~[aws-java-sdk-core-1.11.415.jar:na]
	at com.amazonaws.http.AmazonHttpClient$RequestExecutor.doExecute(AmazonHttpClient.java:726) ~[aws-java-sdk-core-1.11.415.jar:na]
	at com.amazonaws.http.AmazonHttpClient$RequestExecutor.executeWithTimer(AmazonHttpClient.java:719) ~[aws-java-sdk-core-1.11.415.jar:na]
	at com.amazonaws.http.AmazonHttpClient$RequestExecutor.execute(AmazonHttpClient.java:701) ~[aws-java-sdk-core-1.11.415.jar:na]
	at com.amazonaws.http.AmazonHttpClient$RequestExecutor.access$500(AmazonHttpClient.java:669) ~[aws-java-sdk-core-1.11.415.jar:na]
	at com.amazonaws.http.AmazonHttpClient$RequestExecutionBuilderImpl.execute(AmazonHttpClient.java:651) ~[aws-java-sdk-core-1.11.415.jar:na]
	at com.amazonaws.http.AmazonHttpClient.execute(AmazonHttpClient.java:515) ~[aws-java-sdk-core-1.11.415.jar:na]
	at com.amazonaws.services.sqs.AmazonSQSClient.doInvoke(AmazonSQSClient.java:2147) ~[aws-java-sdk-sqs-1.11.415.jar:na]
	at com.amazonaws.services.sqs.AmazonSQSClient.invoke(AmazonSQSClient.java:2116) ~[aws-java-sdk-sqs-1.11.415.jar:na]
	at com.amazonaws.services.sqs.AmazonSQSClient.invoke(AmazonSQSClient.java:2105) ~[aws-java-sdk-sqs-1.11.415.jar:na]
	at com.amazonaws.services.sqs.AmazonSQSClient.executeGetQueueAttributes(AmazonSQSClient.java:1071) ~[aws-java-sdk-sqs-1.11.415.jar:na]
	at com.amazonaws.services.sqs.AmazonSQSClient.getQueueAttributes(AmazonSQSClient.java:1042) ~[aws-java-sdk-sqs-1.11.415.jar:na]
	at com.amazonaws.services.sqs.buffered.AmazonSQSBufferedAsyncClient.getQueueAttributes(AmazonSQSBufferedAsyncClient.java:278) ~[aws-java-sdk-sqs-1.11.415.jar:na]
	at org.springframework.cloud.aws.messaging.listener.AbstractMessageListenerContainer.queueAttributes(AbstractMessageListenerContainer.java:336) ~[spring-cloud-aws-messaging-2.2.2.RELEASE.jar:2.2.2.RELEASE]
	at org.springframework.cloud.aws.messaging.listener.AbstractMessageListenerContainer.initialize(AbstractMessageListenerContainer.java:293) ~[spring-cloud-aws-messaging-2.2.2.RELEASE.jar:2.2.2.RELEASE]
	at org.springframework.cloud.aws.messaging.listener.SimpleMessageListenerContainer.initialize(SimpleMessageListenerContainer.java:111) ~[spring-cloud-aws-messaging-2.2.2.RELEASE.jar:2.2.2.RELEASE]
	at org.springframework.cloud.aws.messaging.listener.AbstractMessageListenerContainer.afterPropertiesSet(AbstractMessageListenerContainer.java:268) ~[spring-cloud-aws-messaging-2.2.2.RELEASE.jar:2.2.2.RELEASE]
	at org.springframework.cloud.aws.messaging.listener.SimpleMessageListenerContainer.afterPropertiesSet(SimpleMessageListenerContainer.java:45) ~[spring-cloud-aws-messaging-2.2.2.RELEASE.jar:2.2.2.RELEASE]
	at org.springframework.beans.factory.support.AbstractAutowireCapableBeanFactory.invokeInitMethods(AbstractAutowireCapableBeanFactory.java:1863) ~[spring-beans-5.3.17.jar:5.3.17]
	at org.springframework.beans.factory.support.AbstractAutowireCapableBeanFactory.initializeBean(AbstractAutowireCapableBeanFactory.java:1800) ~[spring-beans-5.3.17.jar:5.3.17]
	... 16 common frames omitted

2022-04-14 10:27:20.937  INFO 7572 --- [main] poc.SQSController                        : Starting SQSController using Java 11.0.13 on EPUAKYIW0D81 with PID 7572 (C:\Users\Roman_Cherevatenko\Pong-final - Copy\pong\target\classes started by Roman_Cherevatenko in C:\Users\Roman_Cherevatenko\Pong-final - Copy)
2022-04-14 10:27:20.939  INFO 7572 --- [main] poc.SQSController                        : No active profile set, falling back to 1 default profile: "default"
2022-04-14 10:27:22.528  INFO 7572 --- [main] o.s.b.w.embedded.tomcat.TomcatWebServer  : Tomcat initialized with port(s): 8081 (http)
2022-04-14 10:27:22.534  INFO 7572 --- [main] o.apache.catalina.core.StandardService   : Starting service [Tomcat]
2022-04-14 10:27:22.534  INFO 7572 --- [main] org.apache.catalina.core.StandardEngine  : Starting Servlet engine: [Apache Tomcat/9.0.60]
2022-04-14 10:27:22.605  INFO 7572 --- [main] o.a.c.c.C.[Tomcat].[localhost].[/]       : Initializing Spring embedded WebApplicationContext
2022-04-14 10:27:22.605  INFO 7572 --- [main] w.s.c.ServletWebServerApplicationContext : Root WebApplicationContext: initialization completed in 1639 ms
2022-04-14 10:27:24.023  INFO 7572 --- [main] o.s.b.w.embedded.tomcat.TomcatWebServer  : Tomcat started on port(s): 8081 (http) with context path ''
2022-04-14 10:27:24.034  INFO 7572 --- [main] poc.SQSController                        : Started SQSController in 3.438 seconds (JVM running for 4.087)
2022-04-14 10:27:24.218  INFO 7572 --- [simpleMessageListenerContainer-2] poc.SQSController                        : message from SQS Queue Hello from Ping...!
2022-04-14 10:27:24.389  INFO 7572 --- [simpleMessageListenerContainer-2] poc.SQSController                        : message from SQS Queue Hello from Ping...!
2022-04-14 10:27:24.576  INFO 7572 --- [simpleMessageListenerContainer-2] poc.SQSController                        : message from SQS Queue Hello from Ping...!
2022-04-14 10:27:28.863  INFO 7572 --- [simpleMessageListenerContainer-2] poc.SQSController                        : message from SQS Queue Hello from Ping...!
2022-04-14 10:27:34.050  INFO 7572 --- [simpleMessageListenerContainer-2] poc.SQSController                        : message from SQS Queue Hello from Ping...!
